/*C32*/SET SCHEMA PUBLIC
alter table leilao_lances drop constraint UK_hhtlrxq5rv6gs0ikhhnhun9ds
alter table leilao_lances add constraint UK_hhtlrxq5rv6gs0ikhhnhun9ds unique (lances_id)
/*C36*/SET SCHEMA PUBLIC
DISCONNECT
/*C41*/SET SCHEMA PUBLIC
DISCONNECT
/*C34*/SET SCHEMA PUBLIC
DISCONNECT
/*C39*/SET SCHEMA PUBLIC
DISCONNECT
/*C35*/SET SCHEMA PUBLIC
DISCONNECT
/*C38*/SET SCHEMA PUBLIC
DISCONNECT
/*C40*/SET SCHEMA PUBLIC
DISCONNECT
/*C32*/DISCONNECT
/*C37*/SET SCHEMA PUBLIC
DISCONNECT
/*C33*/SET SCHEMA PUBLIC
DISCONNECT
